Ada
Adah
Adaline
Adalyn
Adda
Adela
Adelaide
Adelia
Adelina
Adeline
Aisha
Akira
Alaina
Althea
Amalia
Amara
Amari
Amaya
Amelia
Amelie
Ara
Arabella
Aria
Arie
Autumn
Clara
Clarabelle
Clare
Claribel
Cora
Corean
Corene
Corina
Corine
Corinna
Corinne
Corrina
Corrine
Delila
Delilah
Elaina
Elaine
Elayne
Elena
Eliana
Ella
Elle
Emelia
Emelie
Emilia
Eva
Evalena
Evaline
Evalyn
Evelin
Evelina
Eveline
Evelyn
Evelyne
Fiona
Gabriel
Gabriela
Gabriella
Gabrielle
Hilda
Hildegard
Hildegarde
Hildred
Iliana
Isabel
Isabela
Isabell
Isabella
Isabelle
Jada
Jade
Jaden
Jadyn
Jaida
Jane
Janeen
Janel
Janell
Janelle
Jena
Jenelle
Jenna
Joni
Jonnie
Kaela
Kaelyn
Kaia
Kaila
Kailee
Kailey
Kaiya
Kala
Kaleigh
Kaley
Kali
Kalie
Kallie
Keira
Keli
Kelley
Kelli
Kellie
Kelly
Kira
Kya
Kyra
Leyla
Lila
Lilah
Lilia
Lorelai
Lorelei
Maira
Mara
Mari
Mayra
Merna
Mia
Miah
Mira
Mya
Myah
Myra
Niki
Nikita
Nikki
Nila
Nya
Nyasia
Nyla
Renae
Rene
Renee
Renita
Skyla
Skylar
Skyler
Sonia
Sonja
Sonya
Summer
Tatiana
Tatianna
Tatyana
Tera
Terra
Viola
